Traceback (most recent call last):
  File "/opt/hostedtoolcache/Python/3.9.19/x64/lib/python3.9/site-packages/jupyter_cache/executors/utils.py", line 58, in single_nb_execution
    executenb(
  File "/opt/hostedtoolcache/Python/3.9.19/x64/lib/python3.9/site-packages/nbclient/client.py", line 1314, in execute
    return NotebookClient(nb=nb, resources=resources, km=km, **kwargs).execute()
  File "/opt/hostedtoolcache/Python/3.9.19/x64/lib/python3.9/site-packages/jupyter_core/utils/__init__.py", line 165, in wrapped
    return loop.run_until_complete(inner)
  File "/opt/hostedtoolcache/Python/3.9.19/x64/lib/python3.9/asyncio/base_events.py", line 647, in run_until_complete
    return future.result()
  File "/opt/hostedtoolcache/Python/3.9.19/x64/lib/python3.9/site-packages/nbclient/client.py", line 709, in async_execute
    await self.async_execute_cell(
  File "/opt/hostedtoolcache/Python/3.9.19/x64/lib/python3.9/site-packages/nbclient/client.py", line 1062, in async_execute_cell
    await self._check_raise_for_error(cell, cell_index, exec_reply)
  File "/opt/hostedtoolcache/Python/3.9.19/x64/lib/python3.9/site-packages/nbclient/client.py", line 918, in _check_raise_for_error
    raise CellExecutionError.from_cell_and_msg(cell, exec_reply_content)
nbclient.exceptions.CellExecutionError: An error occurred while executing the following cell:
------------------
!pip install gensim
from gensim.models import Word2Vec
from nltk.tokenize import word_tokenize
import nltk
nltk.download('punkt') # Download the tokenizer models if not already downloaded

sample = "Word embeddings are dense vector representations of words."
tokenized_corpus = word_tokenize(sample.lower()) # Lowercasing for consistency

skipgram_model = Word2Vec(sentences=[tokenized_corpus],
						vector_size=100, # Dimensionality of the word vectors
						window=5,		 # Maximum distance between the current and predicted word within a sentence
						sg=1,			 # Skip-Gram model (1 for Skip-Gram, 0 for CBOW)
						min_count=1,	 # Ignores all words with a total frequency lower than this
						workers=4)	 # Number of CPU cores to use for training the model

# Training
skipgram_model.train([tokenized_corpus], total_examples=1, epochs=10)
skipgram_model.save("skipgram_model.model")
loaded_model = Word2Vec.load("skipgram_model.model")
vector_representation = loaded_model.wv['word']
print("Vector representation of 'word':", vector_representation)

------------------

----- stdout -----
Requirement already satisfied: gensim in /opt/hostedtoolcache/Python/3.9.19/x64/lib/python3.9/site-packages (4.3.2)
----- stdout -----
Requirement already satisfied: numpy>=1.18.5 in /opt/hostedtoolcache/Python/3.9.19/x64/lib/python3.9/site-packages (from gensim) (1.26.4)
Requirement already satisfied: scipy>=1.7.0 in /opt/hostedtoolcache/Python/3.9.19/x64/lib/python3.9/site-packages (from gensim) (1.13.0)
Requirement already satisfied: smart-open>=1.8.1 in /opt/hostedtoolcache/Python/3.9.19/x64/lib/python3.9/site-packages (from gensim) (7.0.4)
Requirement already satisfied: wrapt in /opt/hostedtoolcache/Python/3.9.19/x64/lib/python3.9/site-packages (from smart-open>=1.8.1->gensim) (1.16.0)
----- stdout -----

[1m[[0m[34;49mnotice[0m[1;39;49m][0m[39;49m A new release of pip is available: [0m[31;49m23.0.1[0m[39;49m -> [0m[32;49m24.0[0m
[1m[[0m[34;49mnotice[0m[1;39;49m][0m[39;49m To update, run: [0m[32;49mpip install --upgrade pip[0m
------------------

[0;31m---------------------------------------------------------------------------[0m
[0;31mImportError[0m                               Traceback (most recent call last)
Cell [0;32mIn[6], line 2[0m
[1;32m      1[0m get_ipython()[38;5;241m.[39msystem([38;5;124m'[39m[38;5;124mpip install gensim[39m[38;5;124m'[39m)
[0;32m----> 2[0m [38;5;28;01mfrom[39;00m [38;5;21;01mgensim[39;00m[38;5;21;01m.[39;00m[38;5;21;01mmodels[39;00m [38;5;28;01mimport[39;00m Word2Vec
[1;32m      3[0m [38;5;28;01mfrom[39;00m [38;5;21;01mnltk[39;00m[38;5;21;01m.[39;00m[38;5;21;01mtokenize[39;00m [38;5;28;01mimport[39;00m word_tokenize
[1;32m      4[0m [38;5;28;01mimport[39;00m [38;5;21;01mnltk[39;00m

File [0;32m/opt/hostedtoolcache/Python/3.9.19/x64/lib/python3.9/site-packages/gensim/__init__.py:11[0m
[1;32m      7[0m __version__ [38;5;241m=[39m [38;5;124m'[39m[38;5;124m4.3.2[39m[38;5;124m'[39m
[1;32m      9[0m [38;5;28;01mimport[39;00m [38;5;21;01mlogging[39;00m
[0;32m---> 11[0m [38;5;28;01mfrom[39;00m [38;5;21;01mgensim[39;00m [38;5;28;01mimport[39;00m parsing, corpora, matutils, interfaces, models, similarities, utils  [38;5;66;03m# noqa:F401[39;00m
[1;32m     14[0m logger [38;5;241m=[39m logging[38;5;241m.[39mgetLogger([38;5;124m'[39m[38;5;124mgensim[39m[38;5;124m'[39m)
[1;32m     15[0m [38;5;28;01mif[39;00m [38;5;129;01mnot[39;00m logger[38;5;241m.[39mhandlers:  [38;5;66;03m# To ensure reload() doesn't add another one[39;00m

File [0;32m/opt/hostedtoolcache/Python/3.9.19/x64/lib/python3.9/site-packages/gensim/corpora/__init__.py:6[0m
[1;32m      1[0m [38;5;124;03m"""[39;00m
[1;32m      2[0m [38;5;124;03mThis package contains implementations of various streaming corpus I/O format.[39;00m
[1;32m      3[0m [38;5;124;03m"""[39;00m
[1;32m      5[0m [38;5;66;03m# bring corpus classes directly into package namespace, to save some typing[39;00m
[0;32m----> 6[0m [38;5;28;01mfrom[39;00m [38;5;21;01m.[39;00m[38;5;21;01mindexedcorpus[39;00m [38;5;28;01mimport[39;00m IndexedCorpus  [38;5;66;03m# noqa:F401 must appear before the other classes[39;00m
[1;32m      8[0m [38;5;28;01mfrom[39;00m [38;5;21;01m.[39;00m[38;5;21;01mmmcorpus[39;00m [38;5;28;01mimport[39;00m MmCorpus  [38;5;66;03m# noqa:F401[39;00m
[1;32m      9[0m [38;5;28;01mfrom[39;00m [38;5;21;01m.[39;00m[38;5;21;01mbleicorpus[39;00m [38;5;28;01mimport[39;00m BleiCorpus  [38;5;66;03m# noqa:F401[39;00m

File [0;32m/opt/hostedtoolcache/Python/3.9.19/x64/lib/python3.9/site-packages/gensim/corpora/indexedcorpus.py:14[0m
[1;32m     10[0m [38;5;28;01mimport[39;00m [38;5;21;01mlogging[39;00m
[1;32m     12[0m [38;5;28;01mimport[39;00m [38;5;21;01mnumpy[39;00m
[0;32m---> 14[0m [38;5;28;01mfrom[39;00m [38;5;21;01mgensim[39;00m [38;5;28;01mimport[39;00m interfaces, utils
[1;32m     16[0m logger [38;5;241m=[39m logging[38;5;241m.[39mgetLogger([38;5;18m__name__[39m)
[1;32m     19[0m [38;5;28;01mclass[39;00m [38;5;21;01mIndexedCorpus[39;00m(interfaces[38;5;241m.[39mCorpusABC):

File [0;32m/opt/hostedtoolcache/Python/3.9.19/x64/lib/python3.9/site-packages/gensim/interfaces.py:19[0m
[1;32m      7[0m [38;5;124;03m"""Basic interfaces used across the whole Gensim package.[39;00m
[1;32m      8[0m 
[1;32m      9[0m [38;5;124;03mThese interfaces are used for building corpora, model transformation and similarity queries.[39;00m
[0;32m   (...)[0m
[1;32m     14[0m 
[1;32m     15[0m [38;5;124;03m"""[39;00m
[1;32m     17[0m [38;5;28;01mimport[39;00m [38;5;21;01mlogging[39;00m
[0;32m---> 19[0m [38;5;28;01mfrom[39;00m [38;5;21;01mgensim[39;00m [38;5;28;01mimport[39;00m utils, matutils
[1;32m     22[0m logger [38;5;241m=[39m logging[38;5;241m.[39mgetLogger([38;5;18m__name__[39m)
[1;32m     25[0m [38;5;28;01mclass[39;00m [38;5;21;01mCorpusABC[39;00m(utils[38;5;241m.[39mSaveLoad):

File [0;32m/opt/hostedtoolcache/Python/3.9.19/x64/lib/python3.9/site-packages/gensim/matutils.py:20[0m
[1;32m     18[0m [38;5;28;01mimport[39;00m [38;5;21;01mscipy[39;00m[38;5;21;01m.[39;00m[38;5;21;01msparse[39;00m
[1;32m     19[0m [38;5;28;01mfrom[39;00m [38;5;21;01mscipy[39;00m[38;5;21;01m.[39;00m[38;5;21;01mstats[39;00m [38;5;28;01mimport[39;00m entropy
[0;32m---> 20[0m [38;5;28;01mfrom[39;00m [38;5;21;01mscipy[39;00m[38;5;21;01m.[39;00m[38;5;21;01mlinalg[39;00m [38;5;28;01mimport[39;00m get_blas_funcs, triu
[1;32m     21[0m [38;5;28;01mfrom[39;00m [38;5;21;01mscipy[39;00m[38;5;21;01m.[39;00m[38;5;21;01mlinalg[39;00m[38;5;21;01m.[39;00m[38;5;21;01mlapack[39;00m [38;5;28;01mimport[39;00m get_lapack_funcs
[1;32m     22[0m [38;5;28;01mfrom[39;00m [38;5;21;01mscipy[39;00m[38;5;21;01m.[39;00m[38;5;21;01mspecial[39;00m [38;5;28;01mimport[39;00m psi  [38;5;66;03m# gamma function utils[39;00m

[0;31mImportError[0m: cannot import name 'triu' from 'scipy.linalg' (/opt/hostedtoolcache/Python/3.9.19/x64/lib/python3.9/site-packages/scipy/linalg/__init__.py)

